<?xml version="1.0" encoding="utf-8"?><testsuites><testsuite name="pytest" errors="0" failures="0" skipped="0" tests="1" time="0.468" timestamp="2026-08-31T12:47:20.372796+00:00" hostname="4001034b0d5f"><testcase classname="tests.load.test_throughput" name="test_observed_throughput_exceeds_one_thousand_requests_per_minute" file="tests/load/test_throughput.py" line="10" time="0.394"><properties><property name="requests" value="1000" /><property name="measurement" value="fixed local burst; rate extrapolated per minute" /><property name="duration_seconds" value="0.394" /><property name="requests_per_minute" value="152462.7" /><property name="median_latency_ms" value="5.88" /><property name="p95_latency_ms" value="11.74" /><property name="failures" value="0" /></properties></testcase></testsuite></testsuites>